<?xml version="1.0" encoding="UTF-8"?>
<testng-results skipped="0" failed="0" ignored="0" total="1" passed="1">
  <reporter-output>
    <line>
      <![CDATA[<div style="display:block;margin-left:10px;"><div  class="pass"><span class="pass-label">P </span>
Expected: a value equal to or greater than &lt;0&gt;
     Actual: &lt;45&gt; was greater than &lt;0&gt; <a href="../img/testProductOrderSteps_9i6ojobxd20a12527.png" target="_blank">[View Screenshot]</a> </div><div  class="pass"><span class="pass-label">P </span>
Expected: a string containing "GAS"
     Actual: was "GAS" <a href="../img/testProductOrderSteps_1oa0j00at0mj912528.png" target="_blank">[View Screenshot]</a> </div><div  class="pass"><span class="pass-label">P </span>
Expected: a string containing "Rs. 6,746"
     Actual: was "Rs. 6,746" <a href="../img/testProductOrderSteps_jgmixn8knhky12529.png" target="_blank">[View Screenshot]</a> </div></div>]]>
    </line>
  </reporter-output>
  <suite name="Default suite" duration-ms="42017" started-at="2018-01-23T04:08:24Z" finished-at="2018-01-23T04:09:06Z">
    <groups>
    </groups>
    <test name="Default test" duration-ms="42017" started-at="2018-01-23T04:08:24Z" finished-at="2018-01-23T04:09:06Z">
      <class name="com.venkat_ajio.tests.AjioProductOrderSteps">
        <test-method status="PASS" signature="setupSuit(org.testng.ITestContext)[pri:0, instance:com.venkat_ajio.tests.AjioProductOrderSteps@140e5a13]" name="setupSuit" is-config="true" duration-ms="37" started-at="2018-01-23T09:38:24Z" finished-at="2018-01-23T09:38:24Z">
          <params>
            <param index="0">
              <value>
                <![CDATA[org.testng.TestRunner@56a6d5a6]]>
              </value>
            </param>
          </params>
          <reporter-output>
          </reporter-output>
        </test-method> <!-- setupSuit -->
        <test-method status="PASS" signature="setup(org.testng.ITestContext)[pri:0, instance:com.venkat_ajio.tests.AjioProductOrderSteps@140e5a13]" name="setup" is-config="true" duration-ms="0" started-at="2018-01-23T09:38:24Z" finished-at="2018-01-23T09:38:24Z">
          <params>
            <param index="0">
              <value>
                <![CDATA[org.testng.TestRunner@56a6d5a6]]>
              </value>
            </param>
          </params>
          <reporter-output>
          </reporter-output>
        </test-method> <!-- setup -->
        <test-method status="PASS" signature="setupTest(org.testng.ITestContext)[pri:0, instance:com.venkat_ajio.tests.AjioProductOrderSteps@140e5a13]" name="setupTest" is-config="true" duration-ms="0" started-at="2018-01-23T09:38:24Z" finished-at="2018-01-23T09:38:24Z">
          <params>
            <param index="0">
              <value>
                <![CDATA[org.testng.TestRunner@56a6d5a6]]>
              </value>
            </param>
          </params>
          <reporter-output>
          </reporter-output>
        </test-method> <!-- setupTest -->
        <test-method status="PASS" signature="setupMethod(java.lang.reflect.Method, org.testng.ITestContext)[pri:0, instance:com.venkat_ajio.tests.AjioProductOrderSteps@140e5a13]" name="setupMethod" is-config="true" duration-ms="0" started-at="2018-01-23T09:38:24Z" finished-at="2018-01-23T09:38:24Z">
          <params>
            <param index="0">
              <value>
                <![CDATA[public void com.venkat_ajio.tests.AjioProductOrderSteps.testProductOrderSteps() throws java.lang.InterruptedException]]>
              </value>
            </param>
            <param index="1">
              <value>
                <![CDATA[org.testng.TestRunner@56a6d5a6]]>
              </value>
            </param>
          </params>
          <reporter-output>
          </reporter-output>
        </test-method> <!-- setupMethod -->
        <test-method status="PASS" signature="testProductOrderSteps()[pri:0, instance:com.venkat_ajio.tests.AjioProductOrderSteps@140e5a13]" name="testProductOrderSteps" duration-ms="41930" started-at="2018-01-23T09:38:24Z" finished-at="2018-01-23T09:39:06Z">
          <reporter-output>
            <line>
              <![CDATA[<div style="display:block;margin-left:10px;"><div  class="pass"><span class="pass-label">P </span>
Expected: a value equal to or greater than &lt;0&gt;
     Actual: &lt;45&gt; was greater than &lt;0&gt; <a href="../img/testProductOrderSteps_9i6ojobxd20a12527.png" target="_blank">[View Screenshot]</a> </div><div  class="pass"><span class="pass-label">P </span>
Expected: a string containing "GAS"
     Actual: was "GAS" <a href="../img/testProductOrderSteps_1oa0j00at0mj912528.png" target="_blank">[View Screenshot]</a> </div><div  class="pass"><span class="pass-label">P </span>
Expected: a string containing "Rs. 6,746"
     Actual: was "Rs. 6,746" <a href="../img/testProductOrderSteps_jgmixn8knhky12529.png" target="_blank">[View Screenshot]</a> </div></div>]]>
            </line>
          </reporter-output>
        </test-method> <!-- testProductOrderSteps -->
        <test-method status="PASS" signature="afterClass(org.testng.ITestContext)[pri:0, instance:com.venkat_ajio.tests.AjioProductOrderSteps@140e5a13]" name="afterClass" is-config="true" duration-ms="0" started-at="2018-01-23T09:39:06Z" finished-at="2018-01-23T09:39:06Z">
          <params>
            <param index="0">
              <value>
                <![CDATA[org.testng.TestRunner@56a6d5a6]]>
              </value>
            </param>
          </params>
          <reporter-output>
          </reporter-output>
        </test-method> <!-- afterClass -->
        <test-method status="PASS" signature="afterMethod(org.testng.ITestContext, org.testng.ITestResult)[pri:0, instance:com.venkat_ajio.tests.AjioProductOrderSteps@140e5a13]" name="afterMethod" is-config="true" duration-ms="0" started-at="2018-01-23T09:39:06Z" finished-at="2018-01-23T09:39:06Z">
          <params>
            <param index="0">
              <value>
                <![CDATA[org.testng.TestRunner@56a6d5a6]]>
              </value>
            </param>
            <param index="1">
              <value>
                <![CDATA[[TestResult name=testProductOrderSteps status=SUCCESS method=AjioProductOrderSteps.testProductOrderSteps()[pri:0, instance:com.venkat_ajio.tests.AjioProductOrderSteps@140e5a13] output=<div style="display:block;margin-left:10px;"><div  class="pass"><span class="pass-label">P </span>
Expected: a value equal to or greater than &lt;0&gt;
     Actual: &lt;45&gt; was greater than &lt;0&gt; <a href="../img/testProductOrderSteps_9i6ojobxd20a12527.png" target="_blank">[View Screenshot]</a> </div><div  class="pass"><span class="pass-label">P </span>
Expected: a string containing "GAS"
     Actual: was "GAS" <a href="../img/testProductOrderSteps_1oa0j00at0mj912528.png" target="_blank">[View Screenshot]</a> </div><div  class="pass"><span class="pass-label">P </span>
Expected: a string containing "Rs. 6,746"
     Actual: was "Rs. 6,746" <a href="../img/testProductOrderSteps_jgmixn8knhky12529.png" target="_blank">[View Screenshot]</a> </div></div>]]]>
              </value>
            </param>
          </params>
          <reporter-output>
          </reporter-output>
        </test-method> <!-- afterMethod -->
        <test-method status="PASS" signature="afterTest(org.testng.ITestContext)[pri:0, instance:com.venkat_ajio.tests.AjioProductOrderSteps@140e5a13]" name="afterTest" is-config="true" duration-ms="40" started-at="2018-01-23T09:39:06Z" finished-at="2018-01-23T09:39:06Z">
          <params>
            <param index="0">
              <value>
                <![CDATA[org.testng.TestRunner@56a6d5a6]]>
              </value>
            </param>
          </params>
          <reporter-output>
          </reporter-output>
        </test-method> <!-- afterTest -->
        <test-method status="PASS" signature="afterSuit(org.testng.ITestContext)[pri:0, instance:com.venkat_ajio.tests.AjioProductOrderSteps@140e5a13]" name="afterSuit" is-config="true" duration-ms="0" started-at="2018-01-23T09:39:06Z" finished-at="2018-01-23T09:39:06Z">
          <params>
            <param index="0">
              <value>
                <![CDATA[org.testng.TestRunner@56a6d5a6]]>
              </value>
            </param>
          </params>
          <reporter-output>
          </reporter-output>
        </test-method> <!-- afterSuit -->
      </class> <!-- com.venkat_ajio.tests.AjioProductOrderSteps -->
    </test> <!-- Default test -->
  </suite> <!-- Default suite -->
</testng-results>
